Build started 11/22/2022 9:20:15 PM.
     1>Project "C:\Users\dhila\Documents\Visual Studio 2010\Projects\Lab 7\Lab 7\Lab 7.vcxproj" on node 2 (build target(s)).
     1>InitializeBuildStatus:
         Creating "Debug\Lab 7.unsuccessfulbuild" because "AlwaysCreate" was specified.
       ClCompile:
         c:\Program Files (x86)\Microsoft Visual Studio 10.0\VC\bin\CL.exe /c /ZI /nologo /W3 /WX- /Od /Oy- /D WIN32 /D _DEBUG /D _WINDOWS /D _UNICODE /D UNICODE /Gm /EHsc /RTC1 /MDd /GS /fp:precise /Zc:wchar_t /Zc:forScope /Fo"Debug\\" /Fd"Debug\vc100.pdb" /Gd /TP /analyze- /errorReport:prompt "Lab 7.cpp"
         Skipping... (no relevant changes detected)
         Lab 7.cpp
       ManifestResourceCompile:
         All outputs are up-to-date.
       Link:
         c:\Program Files (x86)\Microsoft Visual Studio 10.0\VC\bin\link.exe /ERRORREPORT:PROMPT /OUT:"C:\Users\dhila\Documents\Visual Studio 2010\Projects\Lab 7\Debug\Lab 7.exe" /INCREMENTAL /NOLOGO kernel32.lib user32.lib gdi32.lib winspool.lib comdlg32.lib advapi32.lib shell32.lib ole32.lib oleaut32.lib uuid.lib odbc32.lib odbccp32.lib /MANIFEST /ManifestFile:"Debug\Lab 7.exe.intermediate.manifest" /MANIFESTUAC:"level='asInvoker' uiAccess='false'" /DEBUG /PDB:"C:\Users\dhila\Documents\Visual Studio 2010\Projects\Lab 7\Debug\Lab 7.pdb" /SUBSYSTEM:WINDOWS /TLBID:1 /DYNAMICBASE /NXCOMPAT /IMPLIB:"C:\Users\dhila\Documents\Visual Studio 2010\Projects\Lab 7\Debug\Lab 7.lib" /MACHINE:X86 "Debug\Lab 7.exe.embed.manifest.res"
         "Debug\Lab 7.obj"
         Debug\uppertolower.obj
         library.obj
       Manifest:
         c:\Program Files (x86)\Microsoft SDKs\Windows\v7.0A\bin\mt.exe /nologo /verbose /out:"Debug\Lab 7.exe.embed.manifest" /manifest "Debug\Lab 7.exe.intermediate.manifest"
         All outputs are up-to-date.
       LinkEmbedManifest:
         All outputs are up-to-date.
         Lab 7.vcxproj -> C:\Users\dhila\Documents\Visual Studio 2010\Projects\Lab 7\Debug\Lab 7.exe
       FinalizeBuildStatus:
         Deleting file "Debug\Lab 7.unsuccessfulbuild".
         Touching "Debug\Lab 7.lastbuildstate".
     1>Done Building Project "C:\Users\dhila\Documents\Visual Studio 2010\Projects\Lab 7\Lab 7\Lab 7.vcxproj" (build target(s)).

Build succeeded.

Time Elapsed 00:00:00.85
